<?xml version="1.0" encoding="UTF-8"?>
<!-- Generated by org.testng.reporters.JUnitReportReporter -->
<testsuite skipped="0" hostname="rockygupta" name="com.qa.pages.LoginPageTest" tests="3" failures="0" timestamp="17 Sep 2019 09:04:16 GMT" time="37.903" errors="0">
  <testcase name="loginPageTitleTest" time="5.043" classname="com.qa.pages.LoginPageTest"/>
  <testcase name="crmLogoImageTest" time="5.203" classname="com.qa.pages.LoginPageTest"/>
  <testcase name="loginTest" time="27.657" classname="com.qa.pages.LoginPageTest"/>
</testsuite> <!-- com.qa.pages.LoginPageTest -->
